Started GET "/" for ::1 at 2020-09-10 09:32:54 -0700
  [1m[35m (35.3ms)[0m  [1m[34mSELECT "schema_migrations"."version" FROM "schema_migrations" ORDER BY "schema_migrations"."version" ASC[0m
Processing by HomeController#index as HTML
  Rendering home/index.html.erb within layouts/application
  Rendered home/index.html.erb within layouts/application (Duration: 8.4ms | Allocations: 647)
DEPRECATION WARNING: autoprefixer-rails was deprected. Migration guide:
https://github.com/ai/autoprefixer-rails/wiki/Deprecated (called from _app_views_layouts_application_html_erb___3546351174199555836_24560 at /Users/selamhabteab/Desktop/PetWellnessApp/pet_wellness_app1/app/views/layouts/application.html.erb:8)
[Webpacker] Compiling...
[Webpacker] Compiled all packs in /Users/selamhabteab/Desktop/PetWellnessApp/pet_wellness_app1/public/packs
[Webpacker] warning ../package.json: No license field

[Webpacker] Hash: 6f7a5f157212355725cf
Version: webpack 4.44.1
Time: 32772ms
Built at: 09/10/2020 9:33:36 AM
                                                                   Asset      Size            Chunks                         Chunk Names
                                  js/application-61a9e9116200270da95f.js  3.16 MiB       application  [emitted] [immutable]  application
                              js/application-61a9e9116200270da95f.js.map  3.01 MiB       application  [emitted] [dev]        application
                                  js/hello_react-8c2df3025c993b62af09.js  1.05 MiB       hello_react  [emitted] [immutable]  hello_react
                              js/hello_react-8c2df3025c993b62af09.js.map  1.21 MiB       hello_react  [emitted] [dev]        hello_react
                             js/server_rendering-92cdd8ba1b9d73a64523.js  3.04 MiB  server_rendering  [emitted] [immutable]  server_rendering
                         js/server_rendering-92cdd8ba1b9d73a64523.js.map  2.88 MiB  server_rendering  [emitted] [dev]        server_rendering
                                                           manifest.json  1.64 KiB                    [emitted]              
      media/components/assets/Erica-e648e8421fc11a3b6288eb31c3075c14.png  6.43 MiB                    [emitted]              
media/components/assets/JakobAvatar-bab342c982b546e2676351def666b0f7.png  78.3 KiB                    [emitted]              
       media/components/assets/Ryan-5c111ae9e36e828446abd60e003d4f0c.jpg   268 KiB                    [emitted]              
    media/components/assets/Selam2-0ec9e68dcdb8e561dce2cc415486c950.jpeg   461 KiB                    [emitted]              
   media/components/assets/bestbuds-9198e8a160bb288aa774bc72116d98ee.jpg   421 KiB                    [emitted]              
Entrypoint application = js/application-61a9e9116200270da95f.js js/application-61a9e9116200270da95f.js.map
Entrypoint hello_react = js/hello_react-8c2df3025c993b62af09.js js/hello_react-8c2df3025c993b62af09.js.map
Entrypoint server_rendering = js/server_rendering-92cdd8ba1b9d73a64523.js js/server_rendering-92cdd8ba1b9d73a64523.js.map
[./app/javascript/channels sync recursive _channel\.js$] ./app/javascript/channels sync _channel\.js$ 160 bytes {application} [built]
[./app/javascript/channels/index.js] 211 bytes {application} [built]
[./app/javascript/components sync recursive ^\.\/.*$] ./app/javascript/components sync ^\.\/.*$ 878 bytes {application} {server_rendering} [built]
[./app/javascript/packs/application.js] 968 bytes {application} [built]
[./app/javascript/packs/hello_react.jsx] 1.09 KiB {hello_react} [built]
[./app/javascript/packs/server_rendering.js] 301 bytes {server_rendering} [built]
[./node_modules/webpack/buildin/amd-options.js] (webpack)/buildin/amd-options.js 80 bytes {application} {server_rendering} [built]
[./node_modules/webpack/buildin/global.js] (webpack)/buildin/global.js 905 bytes {application} {server_rendering} [built]
[./node_modules/webpack/buildin/module.js] (webpack)/buildin/module.js 552 bytes {application} [built]
    + 215 hidden modules

Completed 200 OK in 42174ms (Views: 42143.9ms | ActiveRecord: 0.0ms | Allocations: 101236)


Started GET "/pets" for ::1 at 2020-09-10 09:33:37 -0700
Processing by PetsController#index as */*
  [1m[36mPet Load (171.2ms)[0m  [1m[34mSELECT "pets".* FROM "pets"[0m
  ↳ app/controllers/pets_controller.rb:4:in `index'
Completed 200 OK in 291ms (Views: 56.0ms | ActiveRecord: 216.2ms | Allocations: 11004)


Started GET "/users/sign_in" for ::1 at 2020-09-10 09:33:40 -0700
Processing by Devise::SessionsController#new as HTML
  Rendering devise/sessions/new.html.erb within layouts/application
  Rendered devise/shared/_links.html.erb (Duration: 4.0ms | Allocations: 596)
  Rendered devise/sessions/new.html.erb within layouts/application (Duration: 59.6ms | Allocations: 7478)
[Webpacker] Everything's up-to-date. Nothing to do
Completed 200 OK in 241ms (Views: 158.8ms | ActiveRecord: 49.4ms | Allocations: 21781)


Started POST "/users/sign_in" for ::1 at 2020-09-10 09:33:47 -0700
Processing by Devise::SessionsController#create as HTML
  Parameters: {"authenticity_token"=>"9PFGYb+s1+evh62Q0vQZyDJnZ0ZlDOwuAU9InVfDO4cU4ukyeNcfzxTrfLMMNctccXnlbDPoTvVV1CI1cJJGMQ==", "user"=>{"email"=>"test@test.com", "password"=>"[FILTERED]", "remember_me"=>"0"}, "commit"=>"Log in"}
  [1m[36mUser Load (6.8ms)[0m  [1m[34mSELECT "users".* FROM "users" WHERE "users"."email" = $1 ORDER BY "users"."id" ASC LIMIT $2[0m  [["email", "test@test.com"], ["LIMIT", 1]]
Redirected to http://localhost:3000/mypets
Completed 302 Found in 566ms (ActiveRecord: 22.9ms | Allocations: 6309)


Started GET "/mypets" for ::1 at 2020-09-10 09:33:47 -0700
Processing by HomeController#index as HTML
  Parameters: {"path"=>"mypets"}
  Rendering home/index.html.erb within layouts/application
  [1m[36mUser Load (0.7ms)[0m  [1m[34mSELECT "users".* FROM "users" WHERE "users"."id" = $1 ORDER BY "users"."id" ASC LIMIT $2[0m  [["id", 1], ["LIMIT", 1]]
  ↳ app/views/home/index.html.erb:2
  Rendered home/index.html.erb within layouts/application (Duration: 6.6ms | Allocations: 1218)
[Webpacker] Everything's up-to-date. Nothing to do
Completed 200 OK in 54ms (Views: 51.7ms | ActiveRecord: 0.7ms | Allocations: 8760)


Started GET "/pets" for ::1 at 2020-09-10 09:33:48 -0700
Processing by PetsController#index as */*
  [1m[36mPet Load (40.8ms)[0m  [1m[34mSELECT "pets".* FROM "pets"[0m
  ↳ app/controllers/pets_controller.rb:4:in `index'
Completed 200 OK in 50ms (Views: 7.7ms | ActiveRecord: 40.8ms | Allocations: 2361)


Started GET "/show/5" for ::1 at 2020-09-10 09:34:52 -0700
Processing by HomeController#index as HTML
  Parameters: {"path"=>"show/5"}
  Rendering home/index.html.erb within layouts/application
  [1m[36mUser Load (4.9ms)[0m  [1m[34mSELECT "users".* FROM "users" WHERE "users"."id" = $1 ORDER BY "users"."id" ASC LIMIT $2[0m  [["id", 1], ["LIMIT", 1]]
  ↳ app/views/home/index.html.erb:2
  Rendered home/index.html.erb within layouts/application (Duration: 10.4ms | Allocations: 1216)
[Webpacker] Everything's up-to-date. Nothing to do
Completed 200 OK in 3522ms (Views: 3515.7ms | ActiveRecord: 4.9ms | Allocations: 69529)


Started GET "/" for ::1 at 2020-09-10 09:35:00 -0700
Processing by HomeController#index as HTML
  Rendering home/index.html.erb within layouts/application
  [1m[36mUser Load (0.6ms)[0m  [1m[34mSELECT "users".* FROM "users" WHERE "users"."id" = $1 ORDER BY "users"."id" ASC LIMIT $2[0m  [["id", 1], ["LIMIT", 1]]
  ↳ app/views/home/index.html.erb:2
  Rendered home/index.html.erb within layouts/application (Duration: 6.3ms | Allocations: 1203)
[Webpacker] Everything's up-to-date. Nothing to do
Completed 200 OK in 61ms (Views: 58.8ms | ActiveRecord: 0.6ms | Allocations: 8733)


Started GET "/pets" for ::1 at 2020-09-10 09:35:01 -0700
Processing by PetsController#index as */*
  [1m[36mPet Load (0.5ms)[0m  [1m[34mSELECT "pets".* FROM "pets"[0m
  ↳ app/controllers/pets_controller.rb:4:in `index'
Completed 200 OK in 9ms (Views: 6.8ms | ActiveRecord: 0.5ms | Allocations: 2361)


Started GET "/" for ::1 at 2020-09-10 09:35:44 -0700
Processing by HomeController#index as HTML
  Rendering home/index.html.erb within layouts/application
  [1m[36mUser Load (0.5ms)[0m  [1m[34mSELECT "users".* FROM "users" WHERE "users"."id" = $1 ORDER BY "users"."id" ASC LIMIT $2[0m  [["id", 1], ["LIMIT", 1]]
  ↳ app/views/home/index.html.erb:2
  Rendered home/index.html.erb within layouts/application (Duration: 5.2ms | Allocations: 1198)
[Webpacker] Everything's up-to-date. Nothing to do
Completed 200 OK in 3365ms (Views: 3363.2ms | ActiveRecord: 0.5ms | Allocations: 69863)


Started GET "/pets" for ::1 at 2020-09-10 09:35:48 -0700
Processing by PetsController#index as */*
  [1m[36mPet Load (27.1ms)[0m  [1m[34mSELECT "pets".* FROM "pets"[0m
  ↳ app/controllers/pets_controller.rb:4:in `index'
Completed 200 OK in 35ms (Views: 6.1ms | ActiveRecord: 27.1ms | Allocations: 2357)


Started PATCH "/pets/5" for ::1 at 2020-09-10 09:38:42 -0700
Processing by PetsController#update as */*
  Parameters: {"name"=>"Lawrys", "dob"=>"2019-09-01", "sex"=>"Female", "breed"=>"squirrel", "medical"=>"no meds", "digestion"=>"Seems to like walnuts", "appointment"=>"", "diary"=>"", "misc"=>"", "user_id"=>1, "id"=>"5", "pet"=>{"name"=>"Lawrys", "dob"=>"2019-09-01", "breed"=>"squirrel", "medical"=>"no meds", "digestion"=>"Seems to like walnuts", "appointment"=>"", "diary"=>"", "misc"=>"", "user_id"=>1, "sex"=>"Female"}}
  [1m[36mPet Load (2.7ms)[0m  [1m[34mSELECT "pets".* FROM "pets" WHERE "pets"."id" = $1 LIMIT $2[0m  [["id", 5], ["LIMIT", 1]]
  ↳ app/controllers/pets_controller.rb:16:in `update'
  [1m[35m (18.9ms)[0m  [1m[35mBEGIN[0m
  ↳ app/controllers/pets_controller.rb:17:in `update'
  [1m[36mUser Load (0.3ms)[0m  [1m[34mSELECT "users".* FROM "users" WHERE "users"."id" = $1 LIMIT $2[0m  [["id", 1], ["LIMIT", 1]]
  ↳ app/controllers/pets_controller.rb:17:in `update'
  [1m[35m (0.3ms)[0m  [1m[35mCOMMIT[0m
  ↳ app/controllers/pets_controller.rb:17:in `update'
Completed 200 OK in 109ms (Views: 0.9ms | ActiveRecord: 22.2ms | Allocations: 9776)


Started GET "/pets" for ::1 at 2020-09-10 09:38:42 -0700
Processing by PetsController#index as */*
  [1m[36mPet Load (24.1ms)[0m  [1m[34mSELECT "pets".* FROM "pets"[0m
  ↳ app/controllers/pets_controller.rb:4:in `index'
Completed 200 OK in 30ms (Views: 5.2ms | ActiveRecord: 24.1ms | Allocations: 2355)


Started GET "/show/5" for ::1 at 2020-09-10 09:40:41 -0700
Processing by HomeController#index as HTML
  Parameters: {"path"=>"show/5"}
  Rendering home/index.html.erb within layouts/application
  [1m[36mUser Load (1.2ms)[0m  [1m[34mSELECT "users".* FROM "users" WHERE "users"."id" = $1 ORDER BY "users"."id" ASC LIMIT $2[0m  [["id", 1], ["LIMIT", 1]]
  ↳ app/views/home/index.html.erb:2
  Rendered home/index.html.erb within layouts/application (Duration: 5.7ms | Allocations: 1200)
[Webpacker] Everything's up-to-date. Nothing to do
Completed 200 OK in 66ms (Views: 63.5ms | ActiveRecord: 1.2ms | Allocations: 8748)


Started GET "/mypets" for ::1 at 2020-09-10 09:44:03 -0700
Processing by HomeController#index as HTML
  Parameters: {"path"=>"mypets"}
  Rendering home/index.html.erb within layouts/application
  [1m[36mUser Load (28.2ms)[0m  [1m[34mSELECT "users".* FROM "users" WHERE "users"."id" = $1 ORDER BY "users"."id" ASC LIMIT $2[0m  [["id", 1], ["LIMIT", 1]]
  ↳ app/views/home/index.html.erb:2
  Rendered home/index.html.erb within layouts/application (Duration: 34.7ms | Allocations: 1201)
[Webpacker] Everything's up-to-date. Nothing to do
Completed 200 OK in 140ms (Views: 110.0ms | ActiveRecord: 28.2ms | Allocations: 8741)


Started GET "/pets" for ::1 at 2020-09-10 09:44:03 -0700
Processing by PetsController#index as */*
  [1m[36mPet Load (2.5ms)[0m  [1m[34mSELECT "pets".* FROM "pets"[0m
  ↳ app/controllers/pets_controller.rb:4:in `index'
Completed 200 OK in 11ms (Views: 7.2ms | ActiveRecord: 2.5ms | Allocations: 2390)


